[handleMsg]:  {
  key: {
    remoteJid: '51915247359@s.whatsapp.net',
    fromMe: false,
    id: 'F29FABD23A1560E1D81857A1DDA32671',
    participant: undefined
  },
  messageTimestamp: 1680801504,
  pushName: 'Jose=]',
  message: Message {
    extendedTextMessage: ExtendedTextMessage {
      text: 'Hola',
      previewType: 0,
      contextInfo: [ContextInfo],
      inviteLinkGroupTypeV2: 0
    },
    messageContextInfo: MessageContextInfo {
      deviceListMetadata: [DeviceListMetadata],
      deviceListMetadataVersion: 2
    }
  },
  body: 'Hola',
  from: '51915247359'
}
[handleMsg]:  {
  key: {
    remoteJid: '51915247359@s.whatsapp.net',
    fromMe: false,
    id: 'E4761E0708217F4B40B393F5A5FF5D1D',
    participant: undefined
  },
  messageTimestamp: 1680801512,
  pushName: 'Jose=]',
  message: Message {
    conversation: 'Vef',
    messageContextInfo: MessageContextInfo {
      deviceListMetadata: [DeviceListMetadata],
      deviceListMetadataVersion: 2
    }
  },
  body: 'Vef',
  from: '51915247359'
}
[handleMsg]:  {
  key: {
    remoteJid: '51915247359@s.whatsapp.net',
    fromMe: false,
    id: '7D687AA75217A42F11E598F87675B7D6',
    participant: undefined
  },
  messageTimestamp: 1680801514,
  pushName: 'Jose=]',
  message: Message {
    conversation: 'Ver',
    messageContextInfo: MessageContextInfo {
      deviceListMetadata: [DeviceListMetadata],
      deviceListMetadataVersion: 2
    }
  },
  body: 'Ver',
  from: '51915247359'
}
[handleMsg]:  {
  key: {
    remoteJid: '51915247359@s.whatsapp.net',
    fromMe: false,
    id: '94CEAD0ACAFBAFC2E3577CFDDB0C2B53',
    participant: undefined
  },
  messageTimestamp: 1680801516,
  pushName: 'Jose=]',
  message: Message {
    conversation: 'Ver',
    messageContextInfo: MessageContextInfo {
      deviceListMetadata: [DeviceListMetadata],
      deviceListMetadataVersion: 2
    }
  },
  body: 'Ver',
  from: '51915247359'
}
[handleMsg]:  {
  key: {
    remoteJid: '51915247359@s.whatsapp.net',
    fromMe: false,
    id: '40710C91B9F071ECD1C61A60D4BC2411',
    participant: undefined
  },
  messageTimestamp: 1680801536,
  pushName: 'Jose=]',
  message: Message {
    conversation: 'Bri',
    messageContextInfo: MessageContextInfo {
      deviceListMetadata: [DeviceListMetadata],
      deviceListMetadataVersion: 2
    }
  },
  body: 'Bri',
  from: '51915247359'
}
[handleMsg]:  {
  key: {
    remoteJid: '51915247359@s.whatsapp.net',
    fromMe: false,
    id: 'D4A45904715CC7D4D363A1DD67F09219',
    participant: undefined
  },
  messageTimestamp: 1680801541,
  pushName: 'Jose=]',
  message: Message {
    conversation: 'Briab@j.coo',
    messageContextInfo: MessageContextInfo {
      deviceListMetadata: [DeviceListMetadata],
      deviceListMetadataVersion: 2
    }
  },
  body: 'Briab@j.coo',
  from: '51915247359'
}
[handleMsg]:  {
  key: {
    remoteJid: '51915247359@s.whatsapp.net',
    fromMe: false,
    id: '6697AE37838C8BFB2888B63858D0D09F',
    participant: undefined
  },
  messageTimestamp: 1680801760,
  pushName: 'Jose=]',
  message: Message {
    conversation: 'Hola',
    messageContextInfo: MessageContextInfo {
      deviceListMetadata: [DeviceListMetadata],
      deviceListMetadataVersion: 2
    }
  },
  body: 'Hola',
  from: '51915247359'
}
[handleMsg]:  {
  key: {
    remoteJid: '51915247359@s.whatsapp.net',
    fromMe: false,
    id: '9A0820E61F987494C1E9930EB8E50EE7',
    participant: undefined
  },
  messageTimestamp: 1680801770,
  pushName: 'Jose=]',
  message: Message {
    conversation: 'Agendar',
    messageContextInfo: MessageContextInfo {
      deviceListMetadata: [DeviceListMetadata],
      deviceListMetadataVersion: 2
    }
  },
  body: 'Agendar',
  from: '51915247359'
}
[handleMsg]:  {
  key: {
    remoteJid: '51915247359@s.whatsapp.net',
    fromMe: false,
    id: '53A3BB9529599A38C787A1665CBB826E',
    participant: undefined
  },
  messageTimestamp: 1680801777,
  pushName: 'Jose=]',
  message: Message {
    conversation: 'Br@ho.c',
    messageContextInfo: MessageContextInfo {
      deviceListMetadata: [DeviceListMetadata],
      deviceListMetadataVersion: 2
    }
  },
  body: 'Br@ho.c',
  from: '51915247359'
}
[handleMsg]:  {
  key: {
    remoteJid: '51915247359@s.whatsapp.net',
    fromMe: false,
    id: '6DD4F57A87F83BD79B03F2E46AB6CA23',
    participant: undefined
  },
  messageTimestamp: 1680801785,
  pushName: 'Jose=]',
  message: Message {
    conversation: 'Br@horma.cln',
    messageContextInfo: MessageContextInfo {
      deviceListMetadata: [DeviceListMetadata],
      deviceListMetadataVersion: 2
    }
  },
  body: 'Br@horma.cln',
  from: '51915247359'
}
[handleMsg]:  {
  key: {
    remoteJid: '51915247359@s.whatsapp.net',
    fromMe: false,
    id: '9039024E60002D49CDF4AE9E49E37E27',
    participant: undefined
  },
  messageTimestamp: 1680801790,
  pushName: 'Jose=]',
  message: Message {
    conversation: 'Ingeneria',
    messageContextInfo: MessageContextInfo {
      deviceListMetadata: [DeviceListMetadata],
      deviceListMetadataVersion: 2
    }
  },
  body: 'Ingeneria',
  from: '51915247359'
}
